<?xml version="1.0" encoding="UTF-8"?>
<testng-results skipped="0" failed="0" total="12" passed="12">
  <reporter-output>
  </reporter-output>
  <suite name="Default suite" duration-ms="1221" started-at="2014-05-01T20:49:38Z" finished-at="2014-05-01T20:49:39Z">
    <groups>
    </groups>
    <test name="Default test" duration-ms="1221" started-at="2014-05-01T20:49:38Z" finished-at="2014-05-01T20:49:39Z">
      <class name="de.lbac.compiler.CompilerTest">
        <test-method status="PASS" signature="createTempDir()[pri:0, instance:de.lbac.compiler.CompilerTest@ac5ba87]" name="createTempDir" is-config="true" duration-ms="5" started-at="2014-05-01T22:49:38Z" finished-at="2014-05-01T22:49:38Z">
          <reporter-output>
          </reporter-output>
        </test-method> <!-- createTempDir -->
        <test-method status="PASS" signature="runningCode_outputExpectedText(java.lang.String, java.lang.String)[pri:0, instance:de.lbac.compiler.CompilerTest@ac5ba87]" name="runningCode_outputExpectedText" duration-ms="241" started-at="2014-05-01T22:49:38Z" data-provider="provide_code_expectedText" finished-at="2014-05-01T22:49:38Z">
          <params>
            <param index="0">
              <value>
                <![CDATA[#Main<<Number x>><<Void>>
Number b=1+2!
Out<<Number b>>!
#!]]>
              </value>
            </param>
            <param index="1">
              <value>
                <![CDATA[3
]]>
              </value>
            </param>
          </params>
          <reporter-output>
          </reporter-output>
        </test-method> <!-- runningCode_outputExpectedText -->
        <test-method status="PASS" signature="deleteTempDir()[pri:0, instance:de.lbac.compiler.CompilerTest@ac5ba87]" name="deleteTempDir" is-config="true" duration-ms="2" started-at="2014-05-01T22:49:38Z" finished-at="2014-05-01T22:49:38Z">
          <reporter-output>
          </reporter-output>
        </test-method> <!-- deleteTempDir -->
        <test-method status="PASS" signature="createTempDir()[pri:0, instance:de.lbac.compiler.CompilerTest@ac5ba87]" name="createTempDir" is-config="true" duration-ms="1" started-at="2014-05-01T22:49:38Z" finished-at="2014-05-01T22:49:38Z">
          <reporter-output>
          </reporter-output>
        </test-method> <!-- createTempDir -->
        <test-method status="PASS" signature="runningCode_outputExpectedText(java.lang.String, java.lang.String)[pri:0, instance:de.lbac.compiler.CompilerTest@ac5ba87]" name="runningCode_outputExpectedText" duration-ms="81" started-at="2014-05-01T22:49:38Z" data-provider="provide_code_expectedText" finished-at="2014-05-01T22:49:38Z">
          <params>
            <param index="0">
              <value>
                <![CDATA[#Main<<Number x>><<Void>>
Number b=1+2*3!
Out<<Number b>>!
#!]]>
              </value>
            </param>
            <param index="1">
              <value>
                <![CDATA[7
]]>
              </value>
            </param>
          </params>
          <reporter-output>
          </reporter-output>
        </test-method> <!-- runningCode_outputExpectedText -->
        <test-method status="PASS" signature="deleteTempDir()[pri:0, instance:de.lbac.compiler.CompilerTest@ac5ba87]" name="deleteTempDir" is-config="true" duration-ms="2" started-at="2014-05-01T22:49:38Z" finished-at="2014-05-01T22:49:38Z">
          <reporter-output>
          </reporter-output>
        </test-method> <!-- deleteTempDir -->
        <test-method status="PASS" signature="createTempDir()[pri:0, instance:de.lbac.compiler.CompilerTest@ac5ba87]" name="createTempDir" is-config="true" duration-ms="1" started-at="2014-05-01T22:49:38Z" finished-at="2014-05-01T22:49:38Z">
          <reporter-output>
          </reporter-output>
        </test-method> <!-- createTempDir -->
        <test-method status="PASS" signature="runningCode_outputExpectedText(java.lang.String, java.lang.String)[pri:0, instance:de.lbac.compiler.CompilerTest@ac5ba87]" name="runningCode_outputExpectedText" duration-ms="80" started-at="2014-05-01T22:49:38Z" data-provider="provide_code_expectedText" finished-at="2014-05-01T22:49:38Z">
          <params>
            <param index="0">
              <value>
                <![CDATA[#Main<<Number x>><<Void>>
Number b=(1+2)*3!
Out<<Number b>>!
#!]]>
              </value>
            </param>
            <param index="1">
              <value>
                <![CDATA[9
]]>
              </value>
            </param>
          </params>
          <reporter-output>
          </reporter-output>
        </test-method> <!-- runningCode_outputExpectedText -->
        <test-method status="PASS" signature="deleteTempDir()[pri:0, instance:de.lbac.compiler.CompilerTest@ac5ba87]" name="deleteTempDir" is-config="true" duration-ms="2" started-at="2014-05-01T22:49:38Z" finished-at="2014-05-01T22:49:38Z">
          <reporter-output>
          </reporter-output>
        </test-method> <!-- deleteTempDir -->
        <test-method status="PASS" signature="createTempDir()[pri:0, instance:de.lbac.compiler.CompilerTest@ac5ba87]" name="createTempDir" is-config="true" duration-ms="0" started-at="2014-05-01T22:49:38Z" finished-at="2014-05-01T22:49:38Z">
          <reporter-output>
          </reporter-output>
        </test-method> <!-- createTempDir -->
        <test-method status="PASS" signature="runningCode_outputExpectedText(java.lang.String, java.lang.String)[pri:0, instance:de.lbac.compiler.CompilerTest@ac5ba87]" name="runningCode_outputExpectedText" duration-ms="80" started-at="2014-05-01T22:49:38Z" data-provider="provide_code_expectedText" finished-at="2014-05-01T22:49:38Z">
          <params>
            <param index="0">
              <value>
                <![CDATA[#Main<<Number x>><<Void>>
Number b!
b = 42!
Out<<Number b>>!
#!]]>
              </value>
            </param>
            <param index="1">
              <value>
                <![CDATA[42
]]>
              </value>
            </param>
          </params>
          <reporter-output>
          </reporter-output>
        </test-method> <!-- runningCode_outputExpectedText -->
        <test-method status="PASS" signature="deleteTempDir()[pri:0, instance:de.lbac.compiler.CompilerTest@ac5ba87]" name="deleteTempDir" is-config="true" duration-ms="2" started-at="2014-05-01T22:49:38Z" finished-at="2014-05-01T22:49:38Z">
          <reporter-output>
          </reporter-output>
        </test-method> <!-- deleteTempDir -->
        <test-method status="PASS" signature="runningCode_outputExpectedText(java.lang.String, java.lang.String)[pri:0, instance:de.lbac.compiler.CompilerTest@ac5ba87]" name="runningCode_outputExpectedText" duration-ms="96" started-at="2014-05-01T22:49:38Z" data-provider="provide_code_expectedText" finished-at="2014-05-01T22:49:38Z">
          <params>
            <param index="0">
              <value>
                <![CDATA[#Main<<Number x>><<Void>>
Number b=1*2/4+1!
Out<<Number b>>!
#!]]>
              </value>
            </param>
            <param index="1">
              <value>
                <![CDATA[1
]]>
              </value>
            </param>
          </params>
          <reporter-output>
          </reporter-output>
        </test-method> <!-- runningCode_outputExpectedText -->
        <test-method status="PASS" signature="createTempDir()[pri:0, instance:de.lbac.compiler.CompilerTest@ac5ba87]" name="createTempDir" is-config="true" duration-ms="0" started-at="2014-05-01T22:49:38Z" finished-at="2014-05-01T22:49:38Z">
          <reporter-output>
          </reporter-output>
        </test-method> <!-- createTempDir -->
        <test-method status="PASS" signature="deleteTempDir()[pri:0, instance:de.lbac.compiler.CompilerTest@ac5ba87]" name="deleteTempDir" is-config="true" duration-ms="1" started-at="2014-05-01T22:49:38Z" finished-at="2014-05-01T22:49:38Z">
          <reporter-output>
          </reporter-output>
        </test-method> <!-- deleteTempDir -->
        <test-method status="PASS" signature="createTempDir()[pri:0, instance:de.lbac.compiler.CompilerTest@ac5ba87]" name="createTempDir" is-config="true" duration-ms="0" started-at="2014-05-01T22:49:38Z" finished-at="2014-05-01T22:49:38Z">
          <reporter-output>
          </reporter-output>
        </test-method> <!-- createTempDir -->
        <test-method status="PASS" signature="runningCode_outputExpectedText(java.lang.String, java.lang.String)[pri:0, instance:de.lbac.compiler.CompilerTest@ac5ba87]" name="runningCode_outputExpectedText" duration-ms="77" started-at="2014-05-01T22:49:38Z" data-provider="provide_code_expectedText" finished-at="2014-05-01T22:49:38Z">
          <params>
            <param index="0">
              <value>
                <![CDATA[#Main<<Number x>><<Void>>
Number b=8/2*4!
Out<<Number b>>!
#!]]>
              </value>
            </param>
            <param index="1">
              <value>
                <![CDATA[16
]]>
              </value>
            </param>
          </params>
          <reporter-output>
          </reporter-output>
        </test-method> <!-- runningCode_outputExpectedText -->
        <test-method status="PASS" signature="deleteTempDir()[pri:0, instance:de.lbac.compiler.CompilerTest@ac5ba87]" name="deleteTempDir" is-config="true" duration-ms="2" started-at="2014-05-01T22:49:38Z" finished-at="2014-05-01T22:49:38Z">
          <reporter-output>
          </reporter-output>
        </test-method> <!-- deleteTempDir -->
        <test-method status="PASS" signature="createTempDir()[pri:0, instance:de.lbac.compiler.CompilerTest@ac5ba87]" name="createTempDir" is-config="true" duration-ms="1" started-at="2014-05-01T22:49:38Z" finished-at="2014-05-01T22:49:38Z">
          <reporter-output>
          </reporter-output>
        </test-method> <!-- createTempDir -->
        <test-method status="PASS" signature="runningCode_outputExpectedText(java.lang.String, java.lang.String)[pri:0, instance:de.lbac.compiler.CompilerTest@ac5ba87]" name="runningCode_outputExpectedText" duration-ms="77" started-at="2014-05-01T22:49:38Z" data-provider="provide_code_expectedText" finished-at="2014-05-01T22:49:39Z">
          <params>
            <param index="0">
              <value>
                <![CDATA[#Main<<Number x>><<Void>>
Number b=1+2!
Out<<Number b>>!#!]]>
              </value>
            </param>
            <param index="1">
              <value>
                <![CDATA[3
]]>
              </value>
            </param>
          </params>
          <reporter-output>
          </reporter-output>
        </test-method> <!-- runningCode_outputExpectedText -->
        <test-method status="PASS" signature="deleteTempDir()[pri:0, instance:de.lbac.compiler.CompilerTest@ac5ba87]" name="deleteTempDir" is-config="true" duration-ms="2" started-at="2014-05-01T22:49:39Z" finished-at="2014-05-01T22:49:39Z">
          <reporter-output>
          </reporter-output>
        </test-method> <!-- deleteTempDir -->
        <test-method status="PASS" signature="createTempDir()[pri:0, instance:de.lbac.compiler.CompilerTest@ac5ba87]" name="createTempDir" is-config="true" duration-ms="1" started-at="2014-05-01T22:49:39Z" finished-at="2014-05-01T22:49:39Z">
          <reporter-output>
          </reporter-output>
        </test-method> <!-- createTempDir -->
        <test-method status="PASS" signature="runningCode_outputExpectedText(java.lang.String, java.lang.String)[pri:0, instance:de.lbac.compiler.CompilerTest@ac5ba87]" name="runningCode_outputExpectedText" duration-ms="77" started-at="2014-05-01T22:49:39Z" data-provider="provide_code_expectedText" finished-at="2014-05-01T22:49:39Z">
          <params>
            <param index="0">
              <value>
                <![CDATA[#Main<<Number x>><<Void>>
Number b=1+2!
Out<<Number b>>!
#!]]>
              </value>
            </param>
            <param index="1">
              <value>
                <![CDATA[3
]]>
              </value>
            </param>
          </params>
          <reporter-output>
          </reporter-output>
        </test-method> <!-- runningCode_outputExpectedText -->
        <test-method status="PASS" signature="deleteTempDir()[pri:0, instance:de.lbac.compiler.CompilerTest@ac5ba87]" name="deleteTempDir" is-config="true" duration-ms="2" started-at="2014-05-01T22:49:39Z" finished-at="2014-05-01T22:49:39Z">
          <reporter-output>
          </reporter-output>
        </test-method> <!-- deleteTempDir -->
        <test-method status="PASS" signature="createTempDir()[pri:0, instance:de.lbac.compiler.CompilerTest@ac5ba87]" name="createTempDir" is-config="true" duration-ms="1" started-at="2014-05-01T22:49:39Z" finished-at="2014-05-01T22:49:39Z">
          <reporter-output>
          </reporter-output>
        </test-method> <!-- createTempDir -->
        <test-method status="PASS" signature="runningCode_outputExpectedText(java.lang.String, java.lang.String)[pri:0, instance:de.lbac.compiler.CompilerTest@ac5ba87]" name="runningCode_outputExpectedText" duration-ms="82" started-at="2014-05-01T22:49:39Z" data-provider="provide_code_expectedText" finished-at="2014-05-01T22:49:39Z">
          <params>
            <param index="0">
              <value>
                <![CDATA[#Main<<Number x>><<Void>>
Number b = 3!
if<<b == 3>> 
then: Out<<Number b>>!
fi!
#!]]>
              </value>
            </param>
            <param index="1">
              <value>
                <![CDATA[3
]]>
              </value>
            </param>
          </params>
          <reporter-output>
          </reporter-output>
        </test-method> <!-- runningCode_outputExpectedText -->
        <test-method status="PASS" signature="deleteTempDir()[pri:0, instance:de.lbac.compiler.CompilerTest@ac5ba87]" name="deleteTempDir" is-config="true" duration-ms="2" started-at="2014-05-01T22:49:39Z" finished-at="2014-05-01T22:49:39Z">
          <reporter-output>
          </reporter-output>
        </test-method> <!-- deleteTempDir -->
        <test-method status="PASS" signature="createTempDir()[pri:0, instance:de.lbac.compiler.CompilerTest@ac5ba87]" name="createTempDir" is-config="true" duration-ms="0" started-at="2014-05-01T22:49:39Z" finished-at="2014-05-01T22:49:39Z">
          <reporter-output>
          </reporter-output>
        </test-method> <!-- createTempDir -->
        <test-method status="PASS" signature="runningCode_outputExpectedText(java.lang.String, java.lang.String)[pri:0, instance:de.lbac.compiler.CompilerTest@ac5ba87]" name="runningCode_outputExpectedText" duration-ms="82" started-at="2014-05-01T22:49:39Z" data-provider="provide_code_expectedText" finished-at="2014-05-01T22:49:39Z">
          <params>
            <param index="0">
              <value>
                <![CDATA[#Main<<Number x>><<Void>>Number b = 3!
Number a = 1!
if<<b == 2>>
then: Out<<Number b>>!
else: Out<<Number a>>!
fi!
#!]]>
              </value>
            </param>
            <param index="1">
              <value>
                <![CDATA[1
]]>
              </value>
            </param>
          </params>
          <reporter-output>
          </reporter-output>
        </test-method> <!-- runningCode_outputExpectedText -->
        <test-method status="PASS" signature="deleteTempDir()[pri:0, instance:de.lbac.compiler.CompilerTest@ac5ba87]" name="deleteTempDir" is-config="true" duration-ms="2" started-at="2014-05-01T22:49:39Z" finished-at="2014-05-01T22:49:39Z">
          <reporter-output>
          </reporter-output>
        </test-method> <!-- deleteTempDir -->
        <test-method status="PASS" signature="createTempDir()[pri:0, instance:de.lbac.compiler.CompilerTest@ac5ba87]" name="createTempDir" is-config="true" duration-ms="1" started-at="2014-05-01T22:49:39Z" finished-at="2014-05-01T22:49:39Z">
          <reporter-output>
          </reporter-output>
        </test-method> <!-- createTempDir -->
        <test-method status="PASS" signature="runningCode_outputExpectedText(java.lang.String, java.lang.String)[pri:0, instance:de.lbac.compiler.CompilerTest@ac5ba87]" name="runningCode_outputExpectedText" duration-ms="105" started-at="2014-05-01T22:49:39Z" data-provider="provide_code_expectedText" finished-at="2014-05-01T22:49:39Z">
          <params>
            <param index="0">
              <value>
                <![CDATA[#Main<<Number x>><<Void>>
Number a = 1!do
Out<<Number a>>!
a = a + 1!
while<<a<4>>
od!
#!]]>
              </value>
            </param>
            <param index="1">
              <value>
                <![CDATA[1
2
3
]]>
              </value>
            </param>
          </params>
          <reporter-output>
          </reporter-output>
        </test-method> <!-- runningCode_outputExpectedText -->
        <test-method status="PASS" signature="deleteTempDir()[pri:0, instance:de.lbac.compiler.CompilerTest@ac5ba87]" name="deleteTempDir" is-config="true" duration-ms="2" started-at="2014-05-01T22:49:39Z" finished-at="2014-05-01T22:49:39Z">
          <reporter-output>
          </reporter-output>
        </test-method> <!-- deleteTempDir -->
        <test-method status="PASS" signature="createTempDir()[pri:0, instance:de.lbac.compiler.CompilerTest@ac5ba87]" name="createTempDir" is-config="true" duration-ms="1" started-at="2014-05-01T22:49:39Z" finished-at="2014-05-01T22:49:39Z">
          <reporter-output>
          </reporter-output>
        </test-method> <!-- createTempDir -->
        <test-method status="PASS" signature="runningCode_outputExpectedText(java.lang.String, java.lang.String)[pri:0, instance:de.lbac.compiler.CompilerTest@ac5ba87]" name="runningCode_outputExpectedText" duration-ms="80" started-at="2014-05-01T22:49:39Z" data-provider="provide_code_expectedText" finished-at="2014-05-01T22:49:39Z">
          <params>
            <param index="0">
              <value>
                <![CDATA[#Inc<<Number x>><<Number>>
Number y = x+1!
return y!
#!#Main<<Number x>><<Void>>
Number a = 1!
do
Out<<Number a>>!
a = Inc<<Number a>>!
while<<a<4>>
od!
#!
]]>
              </value>
            </param>
            <param index="1">
              <value>
                <![CDATA[1
2
3
]]>
              </value>
            </param>
          </params>
          <reporter-output>
          </reporter-output>
        </test-method> <!-- runningCode_outputExpectedText -->
        <test-method status="PASS" signature="deleteTempDir()[pri:0, instance:de.lbac.compiler.CompilerTest@ac5ba87]" name="deleteTempDir" is-config="true" duration-ms="2" started-at="2014-05-01T22:49:39Z" finished-at="2014-05-01T22:49:39Z">
          <reporter-output>
          </reporter-output>
        </test-method> <!-- deleteTempDir -->
      </class> <!-- de.lbac.compiler.CompilerTest -->
    </test> <!-- Default test -->
  </suite> <!-- Default suite -->
</testng-results>
