<?xml version="1.0" encoding="UTF-8"?>
<testng-results skipped="0" failed="0" total="2" passed="2">
  <reporter-output>
  </reporter-output>
  <suite name="Default suite" duration-ms="441" started-at="2014-03-31T14:09:17Z" finished-at="2014-03-31T14:09:17Z">
    <groups>
    </groups>
    <test name="Default test" duration-ms="441" started-at="2014-03-31T14:09:17Z" finished-at="2014-03-31T14:09:17Z">
      <class name="de.lbac.compiler.CompilerTest">
        <test-method status="PASS" signature="createTempDir()[pri:0, instance:de.lbac.compiler.CompilerTest@249a2807]" name="createTempDir" is-config="true" duration-ms="6" started-at="2014-03-31T16:09:17Z" finished-at="2014-03-31T16:09:17Z">
          <reporter-output>
          </reporter-output>
        </test-method> <!-- createTempDir -->
        <test-method status="PASS" signature="runningCode_outputExpectedText(java.lang.String, java.lang.String)[pri:0, instance:de.lbac.compiler.CompilerTest@249a2807]" name="runningCode_outputExpectedText" duration-ms="278" started-at="2014-03-31T16:09:17Z" data-provider="provide_code_expectedText" finished-at="2014-03-31T16:09:17Z">
          <params>
            <param index="0">
              <value>
                <![CDATA[Number b=1+2!]]>
              </value>
            </param>
            <param index="1">
              <value>
                <![CDATA[]]>
              </value>
            </param>
          </params>
          <reporter-output>
          </reporter-output>
        </test-method> <!-- runningCode_outputExpectedText -->
        <test-method status="PASS" signature="deleteTempDir()[pri:0, instance:de.lbac.compiler.CompilerTest@249a2807]" name="deleteTempDir" is-config="true" duration-ms="3" started-at="2014-03-31T16:09:17Z" finished-at="2014-03-31T16:09:17Z">
          <reporter-output>
          </reporter-output>
        </test-method> <!-- deleteTempDir -->
        <test-method status="PASS" signature="createTempDir()[pri:0, instance:de.lbac.compiler.CompilerTest@249a2807]" name="createTempDir" is-config="true" duration-ms="1" started-at="2014-03-31T16:09:17Z" finished-at="2014-03-31T16:09:17Z">
          <reporter-output>
          </reporter-output>
        </test-method> <!-- createTempDir -->
        <test-method status="PASS" signature="runningCode_outputExpectedText(java.lang.String, java.lang.String)[pri:0, instance:de.lbac.compiler.CompilerTest@249a2807]" name="runningCode_outputExpectedText" duration-ms="132" started-at="2014-03-31T16:09:17Z" data-provider="provide_code_expectedText" finished-at="2014-03-31T16:09:17Z">
          <params>
            <param index="0">
              <value>
                <![CDATA[Number a=1!]]>
              </value>
            </param>
            <param index="1">
              <value>
                <![CDATA[]]>
              </value>
            </param>
          </params>
          <reporter-output>
          </reporter-output>
        </test-method> <!-- runningCode_outputExpectedText -->
        <test-method status="PASS" signature="deleteTempDir()[pri:0, instance:de.lbac.compiler.CompilerTest@249a2807]" name="deleteTempDir" is-config="true" duration-ms="5" started-at="2014-03-31T16:09:17Z" finished-at="2014-03-31T16:09:17Z">
          <reporter-output>
          </reporter-output>
        </test-method> <!-- deleteTempDir -->
      </class> <!-- de.lbac.compiler.CompilerTest -->
    </test> <!-- Default test -->
  </suite> <!-- Default suite -->
</testng-results>
